{"uuid":"a72940a9-f614-4e4a-9e26-7633ab2b5cae","historyId":"ce93748ea6a02cba86c2aa03345b353f","testCaseId":"bb8793f2bd438ab27e4309ffa1e17974","fullName":"src/test/resources/Features/array.feature:40","labels":[{"name":"host","value":"Nitas-MacBook-Air.local"},{"name":"thread","value":"89185@Nitas-MacBook-Air.local.main(1)"},{"name":"feature","value":"Array page"},{"name":"story","value":"Applications of Array"},{"name":"suite","value":"Array page"},{"name":"testClass","value":"Applications of Array"},{"name":"framework","value":"cucumber4jvm"},{"name":"language","value":"java"},{"name":"gherkin_uri","value":"file:///Users/nitaben/git/DSalgo_SP/starpalyer/src/test/resources/Features/array.feature"},{"name":"package","value":"src.test.resources.Features.array_feature.Array page"}],"links":[],"name":"Applications of Array","status":"broken","statusDetails":{"known":false,"muted":false,"flaky":false,"message":"element not interactable\n  (Session info: chrome=125.0.6422.41)\nBuild info: version: '4.19.1', revision: 'abe0ee07dc'\nSystem info: os.name: 'Mac OS X', os.arch: 'aarch64', os.version: '13.0', java.version: '21.0.3'\nDriver info: org.openqa.selenium.chrome.ChromeDriver\nCommand: [bf4ac80e0d7a1625f35caa4923bc7434, sendKeysToElement {value=[Ljava.lang.CharSequence;@70d4f672, id=f.EF137C83189972BB69862CF87B5C7F09.d.FE307175283DEE976321CDF2FBEE8642.e.43}]\nCapabilities {acceptInsecureCerts: false, browserName: chrome, browserVersion: 125.0.6422.41, chrome: {chromedriverVersion: 125.0.6422.41 (b12383662a8d..., userDataDir: /var/folders/hr/wz5yswkx327...}, fedcm:accounts: true, goog:chromeOptions: {debuggerAddress: localhost:54513}, networkConnectionEnabled: false, pageLoadStrategy: normal, platformName: mac, proxy: Proxy(), se:cdp: ws://localhost:54513/devtoo..., se:cdpVersion: 125.0.6422.41, setWindowRect: true, strictFileInteractability: false, timeouts: {implicit: 0, pageLoad: 300000, script: 30000}, unhandledPromptBehavior: dismiss and notify, webauthn:extension:credBlob: true, webauthn:extension:largeBlob: true, webauthn:extension:minPinLength: true, webauthn:extension:prf: true, webauthn:virtualAuthenticators: true}\nElement: [[ChromeDriver: chrome on mac (bf4ac80e0d7a1625f35caa4923bc7434)] -> xpath: //div[contains(@class,'CodeMirror')]//textarea]\nSession ID: bf4ac80e0d7a1625f35caa4923bc7434","trace":"org.openqa.selenium.ElementNotInteractableException: element not interactable\n  (Session info: chrome=125.0.6422.41)\nBuild info: version: '4.19.1', revision: 'abe0ee07dc'\nSystem info: os.name: 'Mac OS X', os.arch: 'aarch64', os.version: '13.0', java.version: '21.0.3'\nDriver info: org.openqa.selenium.chrome.ChromeDriver\nCommand: [bf4ac80e0d7a1625f35caa4923bc7434, sendKeysToElement {value=[Ljava.lang.CharSequence;@70d4f672, id=f.EF137C83189972BB69862CF87B5C7F09.d.FE307175283DEE976321CDF2FBEE8642.e.43}]\nCapabilities {acceptInsecureCerts: false, browserName: chrome, browserVersion: 125.0.6422.41, chrome: {chromedriverVersion: 125.0.6422.41 (b12383662a8d..., userDataDir: /var/folders/hr/wz5yswkx327...}, fedcm:accounts: true, goog:chromeOptions: {debuggerAddress: localhost:54513}, networkConnectionEnabled: false, pageLoadStrategy: normal, platformName: mac, proxy: Proxy(), se:cdp: ws://localhost:54513/devtoo..., se:cdpVersion: 125.0.6422.41, setWindowRect: true, strictFileInteractability: false, timeouts: {implicit: 0, pageLoad: 300000, script: 30000}, unhandledPromptBehavior: dismiss and notify, webauthn:extension:credBlob: true, webauthn:extension:largeBlob: true, webauthn:extension:minPinLength: true, webauthn:extension:prf: true, webauthn:virtualAuthenticators: true}\nElement: [[ChromeDriver: chrome on mac (bf4ac80e0d7a1625f35caa4923bc7434)] -> xpath: //div[contains(@class,'CodeMirror')]//textarea]\nSession ID: bf4ac80e0d7a1625f35caa4923bc7434\n\tat java.base/jdk.internal.reflect.DirectConstructorHandleAccessor.newInstance(DirectConstructorHandleAccessor.java:62)\n\tat java.base/java.lang.reflect.Constructor.newInstanceWithCaller(Constructor.java:502)\n\tat java.base/java.lang.reflect.Constructor.newInstance(Constructor.java:486)\n\tat org.openqa.selenium.remote.ErrorCodec.decode(ErrorCodec.java:167)\n\tat org.openqa.selenium.remote.codec.w3c.W3CHttpResponseCodec.decode(W3CHttpResponseCodec.java:138)\n\tat org.openqa.selenium.remote.codec.w3c.W3CHttpResponseCodec.decode(W3CHttpResponseCodec.java:50)\n\tat org.openqa.selenium.remote.HttpCommandExecutor.execute(HttpCommandExecutor.java:190)\n\tat org.openqa.selenium.remote.service.DriverCommandExecutor.invokeExecute(DriverCommandExecutor.java:216)\n\tat org.openqa.selenium.remote.service.DriverCommandExecutor.execute(DriverCommandExecutor.java:174)\n\tat org.openqa.selenium.remote.RemoteWebDriver.execute(RemoteWebDriver.java:518)\n\tat org.openqa.selenium.remote.RemoteWebElement.execute(RemoteWebElement.java:223)\n\tat org.openqa.selenium.remote.RemoteWebElement.sendKeys(RemoteWebElement.java:110)\n\tat java.base/jdk.internal.reflect.DirectMethodHandleAccessor.invoke(DirectMethodHandleAccessor.java:103)\n\tat java.base/java.lang.reflect.Method.invoke(Method.java:580)\n\tat org.openqa.selenium.support.pagefactory.internal.LocatingElementHandler.invoke(LocatingElementHandler.java:51)\n\tat jdk.proxy2/jdk.proxy2.$Proxy23.sendKeys(Unknown Source)\n\tat Pages.TryHerePage_Page.executeCode(TryHerePage_Page.java:37)\n\tat definitions.ArrayPage_SD.the_user_writes_valid_python_code_and_clicks_run_button_in_array(ArrayPage_SD.java:453)\n\tat ✽.The User writes Valid python code and clicks Run button in Array(file:///Users/nitaben/git/DSalgo_SP/starpalyer/src/test/resources/Features/array.feature:44)\n"},"stage":"finished","steps":[{"name":"Given The user is on the Applications of Array page","status":"passed","statusDetails":{"known":false,"muted":false,"flaky":false},"stage":"finished","steps":[],"attachments":[],"parameters":[],"start":1715652631964,"stop":1715652635978},{"name":"When The user clicks Try Here button of Application of Array page","status":"passed","statusDetails":{"known":false,"muted":false,"flaky":false},"stage":"finished","steps":[],"attachments":[],"parameters":[],"start":1715652635979,"stop":1715652637277},{"name":"Then The user is on the Python Editor Page","status":"passed","statusDetails":{"known":false,"muted":false,"flaky":false},"stage":"finished","steps":[],"attachments":[],"parameters":[],"start":1715652637278,"stop":1715652637285},{"name":"And The User writes Valid python code and clicks Run button in Array","status":"broken","statusDetails":{"known":false,"muted":false,"flaky":false,"message":"element not interactable\n  (Session info: chrome=125.0.6422.41)\nBuild info: version: '4.19.1', revision: 'abe0ee07dc'\nSystem info: os.name: 'Mac OS X', os.arch: 'aarch64', os.version: '13.0', java.version: '21.0.3'\nDriver info: org.openqa.selenium.chrome.ChromeDriver\nCommand: [bf4ac80e0d7a1625f35caa4923bc7434, sendKeysToElement {value=[Ljava.lang.CharSequence;@70d4f672, id=f.EF137C83189972BB69862CF87B5C7F09.d.FE307175283DEE976321CDF2FBEE8642.e.43}]\nCapabilities {acceptInsecureCerts: false, browserName: chrome, browserVersion: 125.0.6422.41, chrome: {chromedriverVersion: 125.0.6422.41 (b12383662a8d..., userDataDir: /var/folders/hr/wz5yswkx327...}, fedcm:accounts: true, goog:chromeOptions: {debuggerAddress: localhost:54513}, networkConnectionEnabled: false, pageLoadStrategy: normal, platformName: mac, proxy: Proxy(), se:cdp: ws://localhost:54513/devtoo..., se:cdpVersion: 125.0.6422.41, setWindowRect: true, strictFileInteractability: false, timeouts: {implicit: 0, pageLoad: 300000, script: 30000}, unhandledPromptBehavior: dismiss and notify, webauthn:extension:credBlob: true, webauthn:extension:largeBlob: true, webauthn:extension:minPinLength: true, webauthn:extension:prf: true, webauthn:virtualAuthenticators: true}\nElement: [[ChromeDriver: chrome on mac (bf4ac80e0d7a1625f35caa4923bc7434)] -> xpath: //div[contains(@class,'CodeMirror')]//textarea]\nSession ID: bf4ac80e0d7a1625f35caa4923bc7434","trace":"org.openqa.selenium.ElementNotInteractableException: element not interactable\n  (Session info: chrome=125.0.6422.41)\nBuild info: version: '4.19.1', revision: 'abe0ee07dc'\nSystem info: os.name: 'Mac OS X', os.arch: 'aarch64', os.version: '13.0', java.version: '21.0.3'\nDriver info: org.openqa.selenium.chrome.ChromeDriver\nCommand: [bf4ac80e0d7a1625f35caa4923bc7434, sendKeysToElement {value=[Ljava.lang.CharSequence;@70d4f672, id=f.EF137C83189972BB69862CF87B5C7F09.d.FE307175283DEE976321CDF2FBEE8642.e.43}]\nCapabilities {acceptInsecureCerts: false, browserName: chrome, browserVersion: 125.0.6422.41, chrome: {chromedriverVersion: 125.0.6422.41 (b12383662a8d..., userDataDir: /var/folders/hr/wz5yswkx327...}, fedcm:accounts: true, goog:chromeOptions: {debuggerAddress: localhost:54513}, networkConnectionEnabled: false, pageLoadStrategy: normal, platformName: mac, proxy: Proxy(), se:cdp: ws://localhost:54513/devtoo..., se:cdpVersion: 125.0.6422.41, setWindowRect: true, strictFileInteractability: false, timeouts: {implicit: 0, pageLoad: 300000, script: 30000}, unhandledPromptBehavior: dismiss and notify, webauthn:extension:credBlob: true, webauthn:extension:largeBlob: true, webauthn:extension:minPinLength: true, webauthn:extension:prf: true, webauthn:virtualAuthenticators: true}\nElement: [[ChromeDriver: chrome on mac (bf4ac80e0d7a1625f35caa4923bc7434)] -> xpath: //div[contains(@class,'CodeMirror')]//textarea]\nSession ID: bf4ac80e0d7a1625f35caa4923bc7434\n\tat java.base/jdk.internal.reflect.DirectConstructorHandleAccessor.newInstance(DirectConstructorHandleAccessor.java:62)\n\tat java.base/java.lang.reflect.Constructor.newInstanceWithCaller(Constructor.java:502)\n\tat java.base/java.lang.reflect.Constructor.newInstance(Constructor.java:486)\n\tat org.openqa.selenium.remote.ErrorCodec.decode(ErrorCodec.java:167)\n\tat org.openqa.selenium.remote.codec.w3c.W3CHttpResponseCodec.decode(W3CHttpResponseCodec.java:138)\n\tat org.openqa.selenium.remote.codec.w3c.W3CHttpResponseCodec.decode(W3CHttpResponseCodec.java:50)\n\tat org.openqa.selenium.remote.HttpCommandExecutor.execute(HttpCommandExecutor.java:190)\n\tat org.openqa.selenium.remote.service.DriverCommandExecutor.invokeExecute(DriverCommandExecutor.java:216)\n\tat org.openqa.selenium.remote.service.DriverCommandExecutor.execute(DriverCommandExecutor.java:174)\n\tat org.openqa.selenium.remote.RemoteWebDriver.execute(RemoteWebDriver.java:518)\n\tat org.openqa.selenium.remote.RemoteWebElement.execute(RemoteWebElement.java:223)\n\tat org.openqa.selenium.remote.RemoteWebElement.sendKeys(RemoteWebElement.java:110)\n\tat java.base/jdk.internal.reflect.DirectMethodHandleAccessor.invoke(DirectMethodHandleAccessor.java:103)\n\tat java.base/java.lang.reflect.Method.invoke(Method.java:580)\n\tat org.openqa.selenium.support.pagefactory.internal.LocatingElementHandler.invoke(LocatingElementHandler.java:51)\n\tat jdk.proxy2/jdk.proxy2.$Proxy23.sendKeys(Unknown Source)\n\tat Pages.TryHerePage_Page.executeCode(TryHerePage_Page.java:37)\n\tat definitions.ArrayPage_SD.the_user_writes_valid_python_code_and_clicks_run_button_in_array(ArrayPage_SD.java:453)\n\tat ✽.The User writes Valid python code and clicks Run button in Array(file:///Users/nitaben/git/DSalgo_SP/starpalyer/src/test/resources/Features/array.feature:44)\n"},"stage":"finished","steps":[],"attachments":[],"parameters":[],"start":1715652637285,"stop":1715652638094},{"name":"Then User is able to see the output in console in Array","status":"skipped","statusDetails":{"known":false,"muted":false,"flaky":false},"stage":"finished","steps":[],"attachments":[],"parameters":[],"start":1715652638094,"stop":1715652638094},{"name":"When The User writes invalid python code and clicks Run button in Application of array page","status":"skipped","statusDetails":{"known":false,"muted":false,"flaky":false},"stage":"finished","steps":[],"attachments":[],"parameters":[],"start":1715652638094,"stop":1715652638096},{"name":"Then User is able to see the error msg in pop up window in array Try Editor Page","status":"skipped","statusDetails":{"known":false,"muted":false,"flaky":false},"stage":"finished","steps":[],"attachments":[],"parameters":[],"start":1715652638096,"stop":1715652638096},{"name":"And The user click the ok button in the alert window in array Try Editor Page","status":"skipped","statusDetails":{"known":false,"muted":false,"flaky":false},"stage":"finished","steps":[],"attachments":[],"parameters":[],"start":1715652638096,"stop":1715652638096}],"attachments":[],"parameters":[],"start":1715652631964,"stop":1715652638193}